#-----------------------------------------------------------
# PlanAhead v14.7
# Build 321239 by xbuild on Fri Sep 27 19:31:35 MDT 2013
# Start of session at: Mon Nov 04 15:24:32 2019
# Process ID: 5232
# Log file: D:/logic1/nand_my/planAhead_run_2/planAhead.log
# Journal file: D:/logic1/nand_my/planAhead_run_2/planAhead.jou
#-----------------------------------------------------------
INFO: [Common 17-78] Attempting to get a license: PlanAhead
INFO: [Common 17-290] Got license for PlanAhead
INFO: [Device 21-36] Loading parts and site information from C:/Xilinx/14.7/ISE_DS/PlanAhead/data/parts/arch.xml
Parsing RTL primitives file [C:/Xilinx/14.7/ISE_DS/PlanAhead/data/parts/xilinx/rtl/prims/rtl_prims.xml]
Finished parsing RTL primitives file [C:/Xilinx/14.7/ISE_DS/PlanAhead/data/parts/xilinx/rtl/prims/rtl_prims.xml]
start_gui
source D:/logic1/nand_my/pa.fromHdl.tcl
# create_project -name nand_my -dir "D:/logic1/nand_my/planAhead_run_2" -part xc3s1000fg676-5
# set_param project.pinAheadLayout yes
# set srcset [get_property srcset [current_run -impl]]
# set_property target_constrs_file "mynand.ucf" [current_fileset -constrset]
Adding file 'D:/logic1/nand_my/mynand.ucf' to fileset 'constrs_1'
# set hdlfile [add_files [list {mynand.v}]]
# set_property file_type Verilog $hdlfile
# set_property library work $hdlfile
# set_property top mynand $srcset
# add_files [list {mynand.ucf}] -fileset [get_property constrset [current_run]]
# open_rtl_design -part xc3s1000fg676-5
Using Verific elaboration
Parsing VHDL file "C:/Xilinx/14.7/ISE_DS/PlanAhead/data/parts/xilinx/rtl/lib/synplify/synattr.vhd" into library synplify
Analyzing Verilog file "D:/logic1/nand_my/mynand.v" into library work
INFO: [Designutils 20-910] Reading macro library C:/Xilinx/14.7/ISE_DS/PlanAhead/data\./parts/xilinx/spartan3/hd_int_macros.edn
Parsing EDIF File [C:/Xilinx/14.7/ISE_DS/PlanAhead/data\./parts/xilinx/spartan3/hd_int_macros.edn]
Finished Parsing EDIF File [C:/Xilinx/14.7/ISE_DS/PlanAhead/data\./parts/xilinx/spartan3/hd_int_macros.edn]
Loading clock regions from C:/Xilinx/14.7/ISE_DS/PlanAhead/data\parts/xilinx/spartan3/spartan3/xc3s1000/ClockRegion.xml
Loading clock buffers from C:/Xilinx/14.7/ISE_DS/PlanAhead/data\parts/xilinx/spartan3/spartan3/xc3s1000/ClockBuffers.xml
Loading package from C:/Xilinx/14.7/ISE_DS/PlanAhead/data\parts/xilinx/spartan3/spartan3/xc3s1000/fg676/Package.xml
Loading io standards from C:/Xilinx/14.7/ISE_DS/PlanAhead/data\./parts/xilinx/spartan3/IOStandards.xml
INFO: [Device 21-19] Loading pkg sso from C:/Xilinx/14.7/ISE_DS/PlanAhead/data\parts/xilinx/spartan3/spartan3/xc3s1000/fg676/SSORules.xml
Loading list of drcs for the architecture : C:/Xilinx/14.7/ISE_DS/PlanAhead/data\./parts/xilinx/spartan3/drc.xml
INFO: [Timing 38-77] Reading timing library C:/Xilinx/14.7/ISE_DS/PlanAhead/data\parts/xilinx/spartan3/spartan3/spartan3-5.lib.
INFO: [Timing 38-34] Done reading timing library C:/Xilinx/14.7/ISE_DS/PlanAhead/data\parts/xilinx/spartan3/spartan3/spartan3-5.lib.
Parsing UCF File [D:/logic1/nand_my/mynand.ucf]
Finished Parsing UCF File [D:/logic1/nand_my/mynand.ucf]
INFO: [Project 1-111] Unisim Transformation Summary:
No Unisim elements were transformed.

Phase 0 | Netlist Checksum: 2838b96f
update_compile_order -fileset sim_1
set_property package_pin "" [get_ports [list  {y[7]}]]
set_property package_pin "" [get_ports [list  {y[6]}]]
set_property package_pin "" [get_ports [list  {y[5]}]]
startgroup
set_property package_pin AC7 [get_ports {y[4]}]
endgroup
startgroup
set_property package_pin AD6 [get_ports {y[3]}]
endgroup
startgroup
set_property package_pin AF6 [get_ports {y[1]}]
endgroup
set_property package_pin "" [get_ports [list  {y[0]}]]
set_property package_pin "" [get_ports [list  {y[1]}]]
set_property package_pin "" [get_ports [list  {y[2]}]]
set_property package_pin "" [get_ports [list  {y[3]}]]
set_property package_pin "" [get_ports [list  {y[4]}]]
startgroup
set_property package_pin AE6 [get_ports {y[7]}]
endgroup
startgroup
set_property package_pin AF6 [get_ports {y[6]}]
endgroup
startgroup
set_property package_pin AC6 [get_ports {y[5]}]
endgroup
startgroup
set_property package_pin AD6 [get_ports {y[4]}]
endgroup
startgroup
set_property package_pin AC7 [get_ports {y[3]}]
endgroup
startgroup
set_property package_pin AF7 [get_ports {y[2]}]
endgroup
startgroup
set_property package_pin AA7 [get_ports {y[1]}]
endgroup
save_constraints
exit
ERROR: [PlanAhead 12-106] *** Exception: ui.h.b: Found deleted key in HTclEventBroker. Verify if the classes listed here call cleanup()
HTclEvent: SIGNAL_MODIFY   Classes: ui.views.aR 
HTclEvent: SIGNAL_BUS_MODIFY   Classes: ui.views.aR 
HTclEvent: DEBUG_CORE_CONFIG_CHANGE   Classes: ui.views.aR 
HTclEvent: DEBUG_PORT_CONFIG_CHANGE   Classes: ui.views.aR 
 (See D:/logic1/nand_my\planAhead_pid5232.debug)
ERROR: [Common 17-39] 'stop_gui' failed due to earlier errors.
INFO: [Common 17-206] Exiting PlanAhead at Mon Nov 04 15:26:23 2019...
INFO: [Common 17-83] Releasing license: PlanAhead
