Release 9.2i - xst J.36
Copyright (c) 1995-2007 Xilinx, Inc.  All rights reserved.
--> Parameter TMPDIR set to ./xst/projnav.tmp
CPU : 0.00 / 0.34 s | Elapsed : 0.00 / 0.00 s
 
--> Parameter xsthdpdir set to ./xst
CPU : 0.00 / 0.34 s | Elapsed : 0.00 / 0.00 s
 
--> Reading design: second_two_digits.prj

TABLE OF CONTENTS
  1) Synthesis Options Summary
  2) HDL Compilation
  3) Design Hierarchy Analysis
  4) HDL Analysis
  5) HDL Synthesis
     5.1) HDL Synthesis Report
  6) Advanced HDL Synthesis
     6.1) Advanced HDL Synthesis Report
  7) Low Level Synthesis
  8) Partition Report
  9) Final Report
     9.1) Device utilization summary
     9.2) Partition Resource Summary
     9.3) TIMING REPORT


=========================================================================
*                      Synthesis Options Summary                        *
=========================================================================
---- Source Parameters
Input File Name                    : "second_two_digits.prj"
Input Format                       : mixed
Ignore Synthesis Constraint File   : NO

---- Target Parameters
Output File Name                   : "second_two_digits"
Output Format                      : NGC
Target Device                      : xc3s1000-4-fg676

---- Source Options
Top Module Name                    : second_two_digits
Automatic FSM Extraction           : YES
FSM Encoding Algorithm             : Auto
Safe Implementation                : No
FSM Style                          : lut
RAM Extraction                     : Yes
RAM Style                          : Auto
ROM Extraction                     : Yes
Mux Style                          : Auto
Decoder Extraction                 : YES
Priority Encoder Extraction        : YES
Shift Register Extraction          : YES
Logical Shifter Extraction         : YES
XOR Collapsing                     : YES
ROM Style                          : Auto
Mux Extraction                     : YES
Resource Sharing                   : YES
Asynchronous To Synchronous        : NO
Multiplier Style                   : auto
Automatic Register Balancing       : No

---- Target Options
Add IO Buffers                     : YES
Global Maximum Fanout              : 500
Add Generic Clock Buffer(BUFG)     : 8
Register Duplication               : YES
Slice Packing                      : YES
Optimize Instantiated Primitives   : NO
Use Clock Enable                   : Yes
Use Synchronous Set                : Yes
Use Synchronous Reset              : Yes
Pack IO Registers into IOBs        : auto
Equivalent register Removal        : YES

---- General Options
Optimization Goal                  : Speed
Optimization Effort                : 1
Library Search Order               : second_two_digits.lso
Keep Hierarchy                     : NO
RTL Output                         : Yes
Global Optimization                : AllClockNets
Read Cores                         : YES
Write Timing Constraints           : NO
Cross Clock Analysis               : NO
Hierarchy Separator                : /
Bus Delimiter                      : <>
Case Specifier                     : maintain
Slice Utilization Ratio            : 100
BRAM Utilization Ratio             : 100
Verilog 2001                       : YES
Auto BRAM Packing                  : NO
Slice Utilization Ratio Delta      : 5

=========================================================================


=========================================================================
*                          HDL Compilation                              *
=========================================================================
Compiling verilog file "mod_6_counter.v" in library work
Compiling verilog file "freq_div_N.v" in library work
Module <mod_6_counter> compiled
Compiling verilog file "bcd_to_seg_mod.v" in library work
Module <freq_div_N> compiled
Compiling verilog file "bcd_counter.v" in library work
Module <bcd_to_seg_mod> compiled
Compiling verilog file "second_10.v" in library work
Module <bcd_counter> compiled
Compiling verilog file "second_1.v" in library work
Module <second_10> compiled
Compiling verilog file "second_two_digits.v" in library work
Module <second_1> compiled
Module <second_two_digits> compiled
No errors in compilation
Analysis of file <"second_two_digits.prj"> succeeded.
 

=========================================================================
*                     Design Hierarchy Analysis                         *
=========================================================================
Analyzing hierarchy for module <second_two_digits> in library <work>.

Analyzing hierarchy for module <freq_div_N> in library <work> with parameters.
	N = "00000000000000000000001111101000"

Analyzing hierarchy for module <second_1> in library <work>.

Analyzing hierarchy for module <second_10> in library <work>.

Analyzing hierarchy for module <bcd_counter> in library <work>.

Analyzing hierarchy for module <bcd_to_seg_mod> in library <work>.

Analyzing hierarchy for module <freq_div_N> in library <work> with parameters.
	N = "00000000000000000000000000001010"

Analyzing hierarchy for module <mod_6_counter> in library <work>.

Analyzing hierarchy for module <freq_div_N> in library <work> with parameters.
	N = "00000000000000000000000000000110"


=========================================================================
*                            HDL Analysis                               *
=========================================================================
Analyzing top module <second_two_digits>.
Module <second_two_digits> is correct for synthesis.
 
Analyzing module <freq_div_N.1> in library <work>.
	N = 32'sb00000000000000000000001111101000
Module <freq_div_N.1> is correct for synthesis.
 
Analyzing module <second_1> in library <work>.
Module <second_1> is correct for synthesis.
 
Analyzing module <bcd_counter> in library <work>.
Module <bcd_counter> is correct for synthesis.
 
Analyzing module <bcd_to_seg_mod> in library <work>.
Module <bcd_to_seg_mod> is correct for synthesis.
 
Analyzing module <freq_div_N.2> in library <work>.
	N = 32'sb00000000000000000000000000001010
Module <freq_div_N.2> is correct for synthesis.
 
Analyzing module <second_10> in library <work>.
Module <second_10> is correct for synthesis.
 
Analyzing module <mod_6_counter> in library <work>.
Module <mod_6_counter> is correct for synthesis.
 
Analyzing module <freq_div_N.3> in library <work>.
	N = 32'sb00000000000000000000000000000110
Module <freq_div_N.3> is correct for synthesis.
 

=========================================================================
*                           HDL Synthesis                               *
=========================================================================

Performing bidirectional port resolution...

Synthesizing Unit <freq_div_N_1>.
    Related source file is "freq_div_N.v".
    Found 1-bit register for signal <clk_div_N>.
    Found 10-bit up counter for signal <cnt>.
    Summary:
	inferred   1 Counter(s).
	inferred   1 D-type flip-flop(s).
Unit <freq_div_N_1> synthesized.


Synthesizing Unit <bcd_counter>.
    Related source file is "bcd_counter.v".
    Found 4-bit up counter for signal <cnt>.
    Summary:
	inferred   1 Counter(s).
Unit <bcd_counter> synthesized.


Synthesizing Unit <bcd_to_seg_mod>.
    Related source file is "bcd_to_seg_mod.v".
    Found 16x8-bit ROM for signal <seg_data>.
    Summary:
	inferred   1 ROM(s).
Unit <bcd_to_seg_mod> synthesized.


Synthesizing Unit <freq_div_N_2>.
    Related source file is "freq_div_N.v".
    Found 1-bit register for signal <clk_div_N>.
    Found 10-bit up counter for signal <cnt>.
    Summary:
	inferred   1 Counter(s).
	inferred   1 D-type flip-flop(s).
Unit <freq_div_N_2> synthesized.


Synthesizing Unit <mod_6_counter>.
    Related source file is "mod_6_counter.v".
    Found 3-bit up counter for signal <cnt>.
    Summary:
	inferred   1 Counter(s).
Unit <mod_6_counter> synthesized.


Synthesizing Unit <freq_div_N_3>.
    Related source file is "freq_div_N.v".
    Found 1-bit register for signal <clk_div_N>.
    Found 10-bit up counter for signal <cnt>.
    Summary:
	inferred   1 Counter(s).
	inferred   1 D-type flip-flop(s).
Unit <freq_div_N_3> synthesized.


Synthesizing Unit <second_1>.
    Related source file is "second_1.v".
Unit <second_1> synthesized.


Synthesizing Unit <second_10>.
    Related source file is "second_10.v".
Unit <second_10> synthesized.


Synthesizing Unit <second_two_digits>.
    Related source file is "second_two_digits.v".
    Found 8-bit register for signal <seg_com>.
    Found 8-bit register for signal <seg_data>.
    Found 1-bit register for signal <ten_or_one>.
    Summary:
	inferred  17 D-type flip-flop(s).
Unit <second_two_digits> synthesized.


=========================================================================
HDL Synthesis Report

Macro Statistics
# ROMs                                                 : 2
 16x8-bit ROM                                          : 2
# Counters                                             : 5
 10-bit up counter                                     : 3
 3-bit up counter                                      : 1
 4-bit up counter                                      : 1
# Registers                                            : 6
 1-bit register                                        : 4
 8-bit register                                        : 2

=========================================================================

=========================================================================
*                       Advanced HDL Synthesis                          *
=========================================================================

Loading device for application Rf_Device from file '3s1000.nph' in environment C:\Xilinx92i.
WARNING:Xst:1710 - FF/Latch  <seg_com_0> (without init value) has a constant value of 1 in block <second_two_digits>.
WARNING:Xst:1895 - Due to other FF/Latch trimming, FF/Latch  <seg_com_1> (without init value) has a constant value of 1 in block <second_two_digits>.
WARNING:Xst:1895 - Due to other FF/Latch trimming, FF/Latch  <seg_com_2> (without init value) has a constant value of 1 in block <second_two_digits>.
WARNING:Xst:1895 - Due to other FF/Latch trimming, FF/Latch  <seg_com_3> (without init value) has a constant value of 1 in block <second_two_digits>.
WARNING:Xst:1895 - Due to other FF/Latch trimming, FF/Latch  <seg_com_4> (without init value) has a constant value of 1 in block <second_two_digits>.
WARNING:Xst:1895 - Due to other FF/Latch trimming, FF/Latch  <seg_com_5> (without init value) has a constant value of 1 in block <second_two_digits>.

=========================================================================
Advanced HDL Synthesis Report

Macro Statistics
# ROMs                                                 : 2
 16x8-bit ROM                                          : 2
# Counters                                             : 5
 10-bit up counter                                     : 3
 3-bit up counter                                      : 1
 4-bit up counter                                      : 1
# Registers                                            : 14
 Flip-Flops                                            : 14

=========================================================================

=========================================================================
*                         Low Level Synthesis                           *
=========================================================================
WARNING:Xst:1710 - FF/Latch  <seg_data_7> (without init value) has a constant value of 0 in block <second_two_digits>.

Optimizing unit <second_two_digits> ...

Mapping all equations...
Building and optimizing final netlist ...
INFO:Xst:2261 - The FF/Latch <ten_or_one> in Unit <second_two_digits> is equivalent to the following FF/Latch, which will be removed : <seg_com_6> 
Found area constraint ratio of 100 (+ 5) on block second_two_digits, actual ratio is 0.

Final Macro Processing ...

=========================================================================
Final Register Report

Macro Statistics
# Registers                                            : 49
 Flip-Flops                                            : 49

=========================================================================

=========================================================================
*                          Partition Report                             *
=========================================================================

Partition Implementation Status
-------------------------------

  No Partitions were found in this design.

-------------------------------

=========================================================================
*                            Final Report                               *
=========================================================================
Final Results
RTL Top Level Output File Name     : second_two_digits.ngr
Top Level Output File Name         : second_two_digits
Output Format                      : NGC
Optimization Goal                  : Speed
Keep Hierarchy                     : NO

Design Statistics
# IOs                              : 19

Cell Usage :
# BELS                             : 162
#      GND                         : 1
#      INV                         : 9
#      LUT1                        : 27
#      LUT2                        : 2
#      LUT2_D                      : 3
#      LUT2_L                      : 1
#      LUT3                        : 9
#      LUT4                        : 42
#      LUT4_D                      : 6
#      MUXCY                       : 27
#      MUXF5                       : 7
#      VCC                         : 1
#      XORCY                       : 27
# FlipFlops/Latches                : 49
#      FD                          : 7
#      FDC                         : 30
#      FDPE                        : 3
#      FDR                         : 8
#      FDS                         : 1
# Clock Buffers                    : 1
#      BUFGP                       : 1
# IO Buffers                       : 18
#      IBUF                        : 1
#      OBUF                        : 17
=========================================================================

Device utilization summary:
---------------------------

Selected Device : 3s1000fg676-4 

 Number of Slices:                      53  out of   7680     0%  
 Number of Slice Flip Flops:            49  out of  15360     0%  
 Number of 4 input LUTs:                99  out of  15360     0%  
 Number of IOs:                         19
 Number of bonded IOBs:                 19  out of    391     4%  
 Number of GCLKs:                        1  out of      8    12%  

---------------------------
Partition Resource Summary:
---------------------------

  No Partitions were found in this design.

---------------------------


=========================================================================
TIMING REPORT

NOTE: THESE TIMING NUMBERS ARE ONLY A SYNTHESIS ESTIMATE.
      FOR ACCURATE TIMING INFORMATION PLEASE REFER TO THE TRACE REPORT
      GENERATED AFTER PLACE-and-ROUTE.

Clock Information:
------------------
-----------------------------------+------------------------------------+-------+
Clock Signal                       | Clock buffer(FF name)              | Load  |
-----------------------------------+------------------------------------+-------+
clk                                | BUFGP                              | 20    |
U_freq_div_1000/clk_div_N          | NONE(U_sec_1/U_freq_div_10/cnt_5)  | 15    |
U_sec_1/U_freq_div_10/clk_div_N    | NONE(U_sec_10/U_cnt_digit_10/cnt_2)| 14    |
-----------------------------------+------------------------------------+-------+
INFO:Xst:2169 - HDL ADVISOR - Some clock signals were not automatically buffered by XST with BUFG/BUFR resources. Please use the buffer_type constraint in order to insert these buffers to the clock signals to help prevent skew problems.

Asynchronous Control Signals Information:
----------------------------------------
-----------------------------------+------------------------+-------+
Control Signal                     | Buffer(FF name)        | Load  |
-----------------------------------+------------------------+-------+
rst                                | IBUF                   | 33    |
-----------------------------------+------------------------+-------+

Timing Summary:
---------------
Speed Grade: -4

   Minimum period: 5.920ns (Maximum Frequency: 168.919MHz)
   Minimum input arrival time before clock: 5.514ns
   Maximum output required time after clock: 7.498ns
   Maximum combinational path delay: No path found

Timing Detail:
--------------
All values displayed in nanoseconds (ns)

=========================================================================
Timing constraint: Default period analysis for Clock 'clk'
  Clock period: 5.920ns (frequency: 168.919MHz)
  Total number of paths / destination ports: 166 / 22
-------------------------------------------------------------------------
Delay:               5.920ns (Levels of Logic = 11)
  Source:            U_freq_div_1000/cnt_1 (FF)
  Destination:       U_freq_div_1000/cnt_9 (FF)
  Source Clock:      clk rising
  Destination Clock: clk rising

  Data Path: U_freq_div_1000/cnt_1 to U_freq_div_1000/cnt_9
                                Gate     Net
    Cell:in->out      fanout   Delay   Delay  Logical Name (Net Name)
    ----------------------------------------  ------------
     FDC:C->Q              2   0.720   1.216  U_freq_div_1000/cnt_1 (U_freq_div_1000/cnt_1)
     LUT1:I0->O            1   0.551   0.000  U_freq_div_1000/Mcount_cnt_cy<1>_rt (U_freq_div_1000/Mcount_cnt_cy<1>_rt)
     MUXCY:S->O            1   0.500   0.000  U_freq_div_1000/Mcount_cnt_cy<1> (U_freq_div_1000/Mcount_cnt_cy<1>)
     MUXCY:CI->O           1   0.064   0.000  U_freq_div_1000/Mcount_cnt_cy<2> (U_freq_div_1000/Mcount_cnt_cy<2>)
     MUXCY:CI->O           1   0.064   0.000  U_freq_div_1000/Mcount_cnt_cy<3> (U_freq_div_1000/Mcount_cnt_cy<3>)
     MUXCY:CI->O           1   0.064   0.000  U_freq_div_1000/Mcount_cnt_cy<4> (U_freq_div_1000/Mcount_cnt_cy<4>)
     MUXCY:CI->O           1   0.064   0.000  U_freq_div_1000/Mcount_cnt_cy<5> (U_freq_div_1000/Mcount_cnt_cy<5>)
     MUXCY:CI->O           1   0.064   0.000  U_freq_div_1000/Mcount_cnt_cy<6> (U_freq_div_1000/Mcount_cnt_cy<6>)
     MUXCY:CI->O           1   0.064   0.000  U_freq_div_1000/Mcount_cnt_cy<7> (U_freq_div_1000/Mcount_cnt_cy<7>)
     MUXCY:CI->O           0   0.064   0.000  U_freq_div_1000/Mcount_cnt_cy<8> (U_freq_div_1000/Mcount_cnt_cy<8>)
     XORCY:CI->O           1   0.904   0.827  U_freq_div_1000/Mcount_cnt_xor<9> (Result<9>)
     LUT4:I3->O            1   0.551   0.000  U_freq_div_1000/Mcount_cnt_eqn_91 (U_freq_div_1000/Mcount_cnt_eqn_9)
     FDC:D                     0.203          U_freq_div_1000/cnt_9
    ----------------------------------------
    Total                      5.920ns (3.877ns logic, 2.043ns route)
                                       (65.5% logic, 34.5% route)

=========================================================================
Timing constraint: Default period analysis for Clock 'U_freq_div_1000/clk_div_N'
  Clock period: 5.920ns (frequency: 168.919MHz)
  Total number of paths / destination ports: 192 / 20
-------------------------------------------------------------------------
Delay:               5.920ns (Levels of Logic = 11)
  Source:            U_sec_1/U_freq_div_10/cnt_1 (FF)
  Destination:       U_sec_1/U_freq_div_10/cnt_9 (FF)
  Source Clock:      U_freq_div_1000/clk_div_N rising
  Destination Clock: U_freq_div_1000/clk_div_N rising

  Data Path: U_sec_1/U_freq_div_10/cnt_1 to U_sec_1/U_freq_div_10/cnt_9
                                Gate     Net
    Cell:in->out      fanout   Delay   Delay  Logical Name (Net Name)
    ----------------------------------------  ------------
     FDC:C->Q              2   0.720   1.216  U_sec_1/U_freq_div_10/cnt_1 (U_sec_1/U_freq_div_10/cnt_1)
     LUT1:I0->O            1   0.551   0.000  U_sec_1/U_freq_div_10/Mcount_cnt_cy<1>_rt (U_sec_1/U_freq_div_10/Mcount_cnt_cy<1>_rt)
     MUXCY:S->O            1   0.500   0.000  U_sec_1/U_freq_div_10/Mcount_cnt_cy<1> (U_sec_1/U_freq_div_10/Mcount_cnt_cy<1>)
     MUXCY:CI->O           1   0.064   0.000  U_sec_1/U_freq_div_10/Mcount_cnt_cy<2> (U_sec_1/U_freq_div_10/Mcount_cnt_cy<2>)
     MUXCY:CI->O           1   0.064   0.000  U_sec_1/U_freq_div_10/Mcount_cnt_cy<3> (U_sec_1/U_freq_div_10/Mcount_cnt_cy<3>)
     MUXCY:CI->O           1   0.064   0.000  U_sec_1/U_freq_div_10/Mcount_cnt_cy<4> (U_sec_1/U_freq_div_10/Mcount_cnt_cy<4>)
     MUXCY:CI->O           1   0.064   0.000  U_sec_1/U_freq_div_10/Mcount_cnt_cy<5> (U_sec_1/U_freq_div_10/Mcount_cnt_cy<5>)
     MUXCY:CI->O           1   0.064   0.000  U_sec_1/U_freq_div_10/Mcount_cnt_cy<6> (U_sec_1/U_freq_div_10/Mcount_cnt_cy<6>)
     MUXCY:CI->O           1   0.064   0.000  U_sec_1/U_freq_div_10/Mcount_cnt_cy<7> (U_sec_1/U_freq_div_10/Mcount_cnt_cy<7>)
     MUXCY:CI->O           0   0.064   0.000  U_sec_1/U_freq_div_10/Mcount_cnt_cy<8> (U_sec_1/U_freq_div_10/Mcount_cnt_cy<8>)
     XORCY:CI->O           1   0.904   0.827  U_sec_1/U_freq_div_10/Mcount_cnt_xor<9> (Result<9>1)
     LUT4:I3->O            1   0.551   0.000  U_sec_1/U_freq_div_10/Mcount_cnt_eqn_91 (U_sec_1/U_freq_div_10/Mcount_cnt_eqn_9)
     FDC:D                     0.203          U_sec_1/U_freq_div_10/cnt_9
    ----------------------------------------
    Total                      5.920ns (3.877ns logic, 2.043ns route)
                                       (65.5% logic, 34.5% route)

=========================================================================
Timing constraint: Default period analysis for Clock 'U_sec_1/U_freq_div_10/clk_div_N'
  Clock period: 5.920ns (frequency: 168.919MHz)
  Total number of paths / destination ports: 181 / 18
-------------------------------------------------------------------------
Delay:               5.920ns (Levels of Logic = 11)
  Source:            U_sec_10/U_freq_div_10/cnt_1 (FF)
  Destination:       U_sec_10/U_freq_div_10/cnt_9 (FF)
  Source Clock:      U_sec_1/U_freq_div_10/clk_div_N rising
  Destination Clock: U_sec_1/U_freq_div_10/clk_div_N rising

  Data Path: U_sec_10/U_freq_div_10/cnt_1 to U_sec_10/U_freq_div_10/cnt_9
                                Gate     Net
    Cell:in->out      fanout   Delay   Delay  Logical Name (Net Name)
    ----------------------------------------  ------------
     FDC:C->Q              2   0.720   1.216  U_sec_10/U_freq_div_10/cnt_1 (U_sec_10/U_freq_div_10/cnt_1)
     LUT1:I0->O            1   0.551   0.000  U_sec_10/U_freq_div_10/Mcount_cnt_cy<1>_rt (U_sec_10/U_freq_div_10/Mcount_cnt_cy<1>_rt)
     MUXCY:S->O            1   0.500   0.000  U_sec_10/U_freq_div_10/Mcount_cnt_cy<1> (U_sec_10/U_freq_div_10/Mcount_cnt_cy<1>)
     MUXCY:CI->O           1   0.064   0.000  U_sec_10/U_freq_div_10/Mcount_cnt_cy<2> (U_sec_10/U_freq_div_10/Mcount_cnt_cy<2>)
     MUXCY:CI->O           1   0.064   0.000  U_sec_10/U_freq_div_10/Mcount_cnt_cy<3> (U_sec_10/U_freq_div_10/Mcount_cnt_cy<3>)
     MUXCY:CI->O           1   0.064   0.000  U_sec_10/U_freq_div_10/Mcount_cnt_cy<4> (U_sec_10/U_freq_div_10/Mcount_cnt_cy<4>)
     MUXCY:CI->O           1   0.064   0.000  U_sec_10/U_freq_div_10/Mcount_cnt_cy<5> (U_sec_10/U_freq_div_10/Mcount_cnt_cy<5>)
     MUXCY:CI->O           1   0.064   0.000  U_sec_10/U_freq_div_10/Mcount_cnt_cy<6> (U_sec_10/U_freq_div_10/Mcount_cnt_cy<6>)
     MUXCY:CI->O           1   0.064   0.000  U_sec_10/U_freq_div_10/Mcount_cnt_cy<7> (U_sec_10/U_freq_div_10/Mcount_cnt_cy<7>)
     MUXCY:CI->O           0   0.064   0.000  U_sec_10/U_freq_div_10/Mcount_cnt_cy<8> (U_sec_10/U_freq_div_10/Mcount_cnt_cy<8>)
     XORCY:CI->O           1   0.904   0.827  U_sec_10/U_freq_div_10/Mcount_cnt_xor<9> (Result<9>2)
     LUT4:I3->O            1   0.551   0.000  U_sec_10/U_freq_div_10/Mcount_cnt_eqn_91 (U_sec_10/U_freq_div_10/Mcount_cnt_eqn_9)
     FDC:D                     0.203          U_sec_10/U_freq_div_10/cnt_9
    ----------------------------------------
    Total                      5.920ns (3.877ns logic, 2.043ns route)
                                       (65.5% logic, 34.5% route)

=========================================================================
Timing constraint: Default OFFSET IN BEFORE for Clock 'U_freq_div_1000/clk_div_N'
  Total number of paths / destination ports: 4 / 4
-------------------------------------------------------------------------
Offset:              5.211ns (Levels of Logic = 2)
  Source:            rst (PAD)
  Destination:       U_sec_1/U_bcd_cnt/cnt_0 (FF)
  Destination Clock: U_freq_div_1000/clk_div_N rising

  Data Path: rst to U_sec_1/U_bcd_cnt/cnt_0
                                Gate     Net
    Cell:in->out      fanout   Delay   Delay  Logical Name (Net Name)
    ----------------------------------------  ------------
     IBUF:I->O            35   0.821   1.896  rst_IBUF (rst_IBUF)
     LUT4:I3->O            4   0.551   0.917  U_sec_1/U_bcd_cnt/cnt_or0000 (U_sec_1/U_bcd_cnt/cnt_or0000)
     FDR:R                     1.026          U_sec_1/U_bcd_cnt/cnt_0
    ----------------------------------------
    Total                      5.211ns (2.398ns logic, 2.813ns route)
                                       (46.0% logic, 54.0% route)

=========================================================================
Timing constraint: Default OFFSET IN BEFORE for Clock 'U_sec_1/U_freq_div_10/clk_div_N'
  Total number of paths / destination ports: 3 / 3
-------------------------------------------------------------------------
Offset:              5.514ns (Levels of Logic = 2)
  Source:            rst (PAD)
  Destination:       U_sec_10/U_cnt_digit_10/cnt_0 (FF)
  Destination Clock: U_sec_1/U_freq_div_10/clk_div_N rising

  Data Path: rst to U_sec_10/U_cnt_digit_10/cnt_0
                                Gate     Net
    Cell:in->out      fanout   Delay   Delay  Logical Name (Net Name)
    ----------------------------------------  ------------
     IBUF:I->O            35   0.821   2.209  rst_IBUF (rst_IBUF)
     LUT4:I0->O            3   0.551   0.907  U_sec_10/U_cnt_digit_10/cnt_or00001 (U_sec_10/U_cnt_digit_10/cnt_or0000)
     FDR:R                     1.026          U_sec_10/U_cnt_digit_10/cnt_0
    ----------------------------------------
    Total                      5.514ns (2.398ns logic, 3.116ns route)
                                       (43.5% logic, 56.5% route)

=========================================================================
Timing constraint: Default OFFSET OUT AFTER for Clock 'U_sec_1/U_freq_div_10/clk_div_N'
  Total number of paths / destination ports: 1 / 1
-------------------------------------------------------------------------
Offset:              7.241ns (Levels of Logic = 1)
  Source:            U_sec_10/U_freq_div_10/clk_div_N (FF)
  Destination:       clk_min_1 (PAD)
  Source Clock:      U_sec_1/U_freq_div_10/clk_div_N rising

  Data Path: U_sec_10/U_freq_div_10/clk_div_N to clk_min_1
                                Gate     Net
    Cell:in->out      fanout   Delay   Delay  Logical Name (Net Name)
    ----------------------------------------  ------------
     FDPE:C->Q             2   0.720   0.877  U_sec_10/U_freq_div_10/clk_div_N (U_sec_10/U_freq_div_10/clk_div_N)
     OBUF:I->O                 5.644          clk_min_1_OBUF (clk_min_1)
    ----------------------------------------
    Total                      7.241ns (6.364ns logic, 0.877ns route)
                                       (87.9% logic, 12.1% route)

=========================================================================
Timing constraint: Default OFFSET OUT AFTER for Clock 'clk'
  Total number of paths / destination ports: 9 / 9
-------------------------------------------------------------------------
Offset:              7.498ns (Levels of Logic = 1)
  Source:            ten_or_one (FF)
  Destination:       seg_com<6> (PAD)
  Source Clock:      clk rising

  Data Path: ten_or_one to seg_com<6>
                                Gate     Net
    Cell:in->out      fanout   Delay   Delay  Logical Name (Net Name)
    ----------------------------------------  ------------
     FDR:C->Q             10   0.720   1.134  ten_or_one (ten_or_one)
     OBUF:I->O                 5.644          seg_com_6_OBUF (seg_com<6>)
    ----------------------------------------
    Total                      7.498ns (6.364ns logic, 1.134ns route)
                                       (84.9% logic, 15.1% route)

=========================================================================
CPU : 6.95 / 7.33 s | Elapsed : 7.00 / 7.00 s
 
--> 

Total memory usage is 148572 kilobytes

Number of errors   :    0 (   0 filtered)
Number of warnings :    8 (   0 filtered)
Number of infos    :    2 (   0 filtered)

