Release 14.7 - xst P.20131013 (nt64)
Copyright (c) 1995-2013 Xilinx, Inc.  All rights reserved.
--> Parameter TMPDIR set to xst/projnav.tmp


Total REAL time to Xst completion: 0.00 secs
Total CPU time to Xst completion: 0.12 secs
 
--> Parameter xsthdpdir set to xst


Total REAL time to Xst completion: 0.00 secs
Total CPU time to Xst completion: 0.12 secs
 
--> Reading design: add6bit.prj

TABLE OF CONTENTS
  1) Synthesis Options Summary
  2) HDL Compilation
  3) Design Hierarchy Analysis
  4) HDL Analysis
  5) HDL Synthesis
     5.1) HDL Synthesis Report
  6) Advanced HDL Synthesis
     6.1) Advanced HDL Synthesis Report
  7) Low Level Synthesis
  8) Partition Report
  9) Final Report
	9.1) Device utilization summary
	9.2) Partition Resource Summary
	9.3) TIMING REPORT


=========================================================================
*                      Synthesis Options Summary                        *
=========================================================================
---- Source Parameters
Input File Name                    : "add6bit.prj"
Input Format                       : mixed
Ignore Synthesis Constraint File   : NO

---- Target Parameters
Output File Name                   : "add6bit"
Output Format                      : NGC
Target Device                      : xc3s1000-5-fg676

---- Source Options
Top Module Name                    : add6bit
Automatic FSM Extraction           : YES
FSM Encoding Algorithm             : Auto
Safe Implementation                : No
FSM Style                          : LUT
RAM Extraction                     : Yes
RAM Style                          : Auto
ROM Extraction                     : Yes
Mux Style                          : Auto
Decoder Extraction                 : YES
Priority Encoder Extraction        : Yes
Shift Register Extraction          : YES
Logical Shifter Extraction         : YES
XOR Collapsing                     : YES
ROM Style                          : Auto
Mux Extraction                     : Yes
Resource Sharing                   : YES
Asynchronous To Synchronous        : NO
Multiplier Style                   : Auto
Automatic Register Balancing       : No

---- Target Options
Add IO Buffers                     : YES
Global Maximum Fanout              : 500
Add Generic Clock Buffer(BUFG)     : 8
Register Duplication               : YES
Slice Packing                      : YES
Optimize Instantiated Primitives   : NO
Use Clock Enable                   : Yes
Use Synchronous Set                : Yes
Use Synchronous Reset              : Yes
Pack IO Registers into IOBs        : Auto
Equivalent register Removal        : YES

---- General Options
Optimization Goal                  : Speed
Optimization Effort                : 1
Keep Hierarchy                     : No
Netlist Hierarchy                  : As_Optimized
RTL Output                         : Yes
Global Optimization                : AllClockNets
Read Cores                         : YES
Write Timing Constraints           : NO
Cross Clock Analysis               : NO
Hierarchy Separator                : /
Bus Delimiter                      : <>
Case Specifier                     : Maintain
Slice Utilization Ratio            : 100
BRAM Utilization Ratio             : 100
Verilog 2001                       : YES
Auto BRAM Packing                  : NO
Slice Utilization Ratio Delta      : 5

=========================================================================


=========================================================================
*                          HDL Compilation                              *
=========================================================================
Compiling verilog file "aefde.v" in library work
Compiling verilog file "add6bit.v" in library work
Module <aefde> compiled
Module <add6bit> compiled
No errors in compilation
Analysis of file <"add6bit.prj"> succeeded.
 

=========================================================================
*                     Design Hierarchy Analysis                         *
=========================================================================
Analyzing hierarchy for module <add6bit> in library <work> with parameters.
	N = "00000000000000000000000000000110"

Analyzing hierarchy for module <aefde> in library <work> with parameters.
	N = "00000000000000000000000000000110"


=========================================================================
*                            HDL Analysis                               *
=========================================================================
Analyzing top module <add6bit>.
	N = 32'sb00000000000000000000000000000110
Module <add6bit> is correct for synthesis.
 
Analyzing module <aefde> in library <work>.
	N = 32'sb00000000000000000000000000000110
Module <aefde> is correct for synthesis.
 

=========================================================================
*                           HDL Synthesis                               *
=========================================================================

Performing bidirectional port resolution...

Synthesizing Unit <aefde>.
    Related source file is "aefde.v".
WARNING:Xst:646 - Signal <p> is assigned but never used. This unconnected signal will be trimmed during the optimization process.
WARNING:Xst:646 - Signal <carry<5:0>> is assigned but never used. This unconnected signal will be trimmed during the optimization process.
    Found 6-bit xor2 for signal <sum>.
    Found 1-bit xor2 for signal <sum_0$xor0000> created at line 35.
    Found 1-bit xor2 for signal <sum_1$xor0000> created at line 35.
    Found 1-bit xor2 for signal <sum_2$xor0000> created at line 35.
    Found 1-bit xor2 for signal <sum_3$xor0000> created at line 35.
    Found 1-bit xor2 for signal <sum_4$xor0000> created at line 35.
    Found 1-bit xor2 for signal <sum_5$xor0000> created at line 35.
Unit <aefde> synthesized.


Synthesizing Unit <add6bit>.
    Related source file is "add6bit.v".
Unit <add6bit> synthesized.


=========================================================================
HDL Synthesis Report

Macro Statistics
# Xors                                                 : 12
 1-bit xor2                                            : 12

=========================================================================

=========================================================================
*                       Advanced HDL Synthesis                          *
=========================================================================


=========================================================================
Advanced HDL Synthesis Report

Macro Statistics
# Xors                                                 : 12
 1-bit xor2                                            : 12

=========================================================================

=========================================================================
*                         Low Level Synthesis                           *
=========================================================================

Optimizing unit <add6bit> ...

Optimizing unit <aefde> ...

Mapping all equations...
Building and optimizing final netlist ...
Found area constraint ratio of 100 (+ 5) on block add6bit, actual ratio is 0.

Final Macro Processing ...

=========================================================================
Final Register Report

Found no macro
=========================================================================

=========================================================================
*                           Partition Report                            *
=========================================================================

Partition Implementation Status
-------------------------------

  No Partitions were found in this design.

-------------------------------

=========================================================================
*                            Final Report                               *
=========================================================================
Final Results
RTL Top Level Output File Name     : add6bit.ngr
Top Level Output File Name         : add6bit
Output Format                      : NGC
Optimization Goal                  : Speed
Keep Hierarchy                     : No

Design Statistics
# IOs                              : 20

Cell Usage :
# BELS                             : 12
#      LUT3                        : 12
# IO Buffers                       : 20
#      IBUF                        : 13
#      OBUF                        : 7
=========================================================================

Device utilization summary:
---------------------------

Selected Device : 3s1000fg676-5 

 Number of Slices:                        7  out of   7680     0%  
 Number of 4 input LUTs:                 12  out of  15360     0%  
 Number of IOs:                          20
 Number of bonded IOBs:                  20  out of    391     5%  

---------------------------
Partition Resource Summary:
---------------------------

  No Partitions were found in this design.

---------------------------


=========================================================================
TIMING REPORT

NOTE: THESE TIMING NUMBERS ARE ONLY A SYNTHESIS ESTIMATE.
      FOR ACCURATE TIMING INFORMATION PLEASE REFER TO THE TRACE REPORT
      GENERATED AFTER PLACE-and-ROUTE.

Clock Information:
------------------
No clock signals found in this design

Asynchronous Control Signals Information:
----------------------------------------
No asynchronous control signals found in this design

Timing Summary:
---------------
Speed Grade: -5

   Minimum period: No path found
   Minimum input arrival time before clock: No path found
   Maximum output required time after clock: No path found
   Maximum combinational path delay: 14.797ns

Timing Detail:
--------------
All values displayed in nanoseconds (ns)

=========================================================================
Timing constraint: Default path analysis
  Total number of paths / destination ports: 61 / 7
-------------------------------------------------------------------------
Delay:               14.797ns (Levels of Logic = 8)
  Source:            b<0> (PAD)
  Destination:       cout (PAD)

  Data Path: b<0> to cout
                                Gate     Net
    Cell:in->out      fanout   Delay   Delay  Logical Name (Net Name)
    ----------------------------------------  ------------
     IBUF:I->O             2   0.715   1.040  b_0_IBUF (b_0_IBUF)
     LUT3:I0->O            2   0.479   0.915  U0/sum_1_mux00001 (U0/sum_1_mux0000)
     LUT3:I1->O            2   0.479   0.915  U0/sum_2_mux00001 (U0/sum_2_mux0000)
     LUT3:I1->O            2   0.479   0.915  U0/sum_3_mux00001 (U0/sum_3_mux0000)
     LUT3:I1->O            2   0.479   0.915  U0/sum_4_mux00001 (U0/sum_4_mux0000)
     LUT3:I1->O            2   0.479   0.915  U0/sum_5_mux00001 (U0/sum_5_mux0000)
     LUT3:I1->O            1   0.479   0.681  U0/carry_6_mux00001 (cout_OBUF)
     OBUF:I->O                 4.909          cout_OBUF (cout)
    ----------------------------------------
    Total                     14.797ns (8.498ns logic, 6.299ns route)
                                       (57.4% logic, 42.6% route)

=========================================================================


Total REAL time to Xst completion: 4.00 secs
Total CPU time to Xst completion: 4.11 secs
 
--> 

Total memory usage is 4505328 kilobytes

Number of errors   :    0 (   0 filtered)
Number of warnings :    2 (   0 filtered)
Number of infos    :    0 (   0 filtered)

