--------------------------------------------------------------------------------
Release 14.7 Trace  (nt64)
Copyright (c) 1995-2013 Xilinx, Inc.  All rights reserved.

C:\Xilinx\14.7\ISE_DS\ISE\bin\nt64\unwrapped\trce.exe -intstyle ise -v 3 -s 5
-n 3 -fastpaths -xml mynand.twx mynand.ncd -o mynand.twr mynand.pcf -ucf
mynand.ucf

Design file:              mynand.ncd
Physical constraint file: mynand.pcf
Device,package,speed:     xc3s1000,fg676,-5 (PRODUCTION 1.39 2013-10-13)
Report level:             verbose report

Environment Variable      Effect 
--------------------      ------ 
NONE                      No environment variables were set
--------------------------------------------------------------------------------

INFO:Timing:2698 - No timing constraints found, doing default enumeration.
INFO:Timing:3412 - To improve timing, see the Timing Closure User Guide (UG612).
INFO:Timing:2752 - To get complete path coverage, use the unconstrained paths 
   option. All paths that are not constrained will be reported in the 
   unconstrained paths section(s) of the report.
INFO:Timing:3339 - The clock-to-out numbers in this timing report are based on 
   a 50 Ohm transmission line loading model.  For the details of this model, 
   and for more information on accounting for different loading conditions, 
   please see the device datasheet.
INFO:Timing:3390 - This architecture does not support a default System Jitter 
   value, please add SYSTEM_JITTER constraint to the UCF to modify the Clock 
   Uncertainty calculation.
INFO:Timing:3389 - This architecture does not support 'Discrete Jitter' and 
   'Phase Error' calculations, these terms will be zero in the Clock 
   Uncertainty calculation.  Please make appropriate modification to 
   SYSTEM_JITTER to account for the unsupported Discrete Jitter and Phase 
   Error.



Data Sheet report:
-----------------
All values displayed in nanoseconds (ns)

Pad to Pad
---------------+---------------+---------+
Source Pad     |Destination Pad|  Delay  |
---------------+---------------+---------+
a<0>           |y<0>           |    8.200|
a<1>           |y<1>           |    8.184|
a<2>           |y<2>           |    8.248|
a<3>           |y<3>           |    8.641|
a<4>           |y<4>           |    8.535|
a<5>           |y<5>           |    9.164|
a<6>           |y<6>           |    8.594|
a<7>           |y<7>           |    8.367|
b<0>           |y<0>           |    7.518|
b<1>           |y<1>           |    7.548|
b<2>           |y<2>           |    7.413|
b<3>           |y<3>           |    7.887|
b<4>           |y<4>           |    7.839|
b<5>           |y<5>           |    7.935|
b<6>           |y<6>           |    7.698|
b<7>           |y<7>           |    7.798|
---------------+---------------+---------+


Analysis completed Mon Nov 04 15:29:10 2019 
--------------------------------------------------------------------------------

Trace Settings:
-------------------------
Trace Settings 

Peak Memory Usage: 4495 MB



