
****** PlanAhead v14.7
  **** Build 321239 by xbuild on Fri Sep 27 19:31:35 MDT 2013
    ** Copyright 1986-1999, 2001-2013 Xilinx, Inc. All Rights Reserved.

INFO: [Common 17-78] Attempting to get a license: PlanAhead
INFO: [Common 17-290] Got license for PlanAhead
INFO: [Device 21-36] Loading parts and site information from C:/Xilinx/14.7/ISE_DS/PlanAhead/data/parts/arch.xml
Parsing RTL primitives file [C:/Xilinx/14.7/ISE_DS/PlanAhead/data/parts/xilinx/rtl/prims/rtl_prims.xml]
Finished parsing RTL primitives file [C:/Xilinx/14.7/ISE_DS/PlanAhead/data/parts/xilinx/rtl/prims/rtl_prims.xml]
start_gui
source C:/logic/mux_my/pa.fromHdl.tcl
# create_project -name mux_my -dir "C:/logic/mux_my/planAhead_run_1" -part xc3s1000fg676-5
# set_param project.pinAheadLayout yes
# set srcset [get_property srcset [current_run -impl]]
# set_property target_constrs_file "my_mux.ucf" [current_fileset -constrset]
Adding file 'C:/logic/mux_my/my_mux.ucf' to fileset 'constrs_1'
# set hdlfile [add_files [list {mtmux.v}]]
# set_property file_type Verilog $hdlfile
# set_property library work $hdlfile
# set_property top my_mux $srcset
# add_files [list {my_mux.ucf}] -fileset [get_property constrset [current_run]]
# open_rtl_design -part xc3s1000fg676-5
Using Verific elaboration
Parsing VHDL file "C:/Xilinx/14.7/ISE_DS/PlanAhead/data/parts/xilinx/rtl/lib/synplify/synattr.vhd" into library synplify
Analyzing Verilog file "C:/logic/mux_my/mtmux.v" into library work
INFO: [Designutils 20-910] Reading macro library C:/Xilinx/14.7/ISE_DS/PlanAhead/data\./parts/xilinx/spartan3/hd_int_macros.edn
Parsing EDIF File [C:/Xilinx/14.7/ISE_DS/PlanAhead/data\./parts/xilinx/spartan3/hd_int_macros.edn]
Finished Parsing EDIF File [C:/Xilinx/14.7/ISE_DS/PlanAhead/data\./parts/xilinx/spartan3/hd_int_macros.edn]
Loading clock regions from C:/Xilinx/14.7/ISE_DS/PlanAhead/data\parts/xilinx/spartan3/spartan3/xc3s1000/ClockRegion.xml
Loading clock buffers from C:/Xilinx/14.7/ISE_DS/PlanAhead/data\parts/xilinx/spartan3/spartan3/xc3s1000/ClockBuffers.xml
Loading package from C:/Xilinx/14.7/ISE_DS/PlanAhead/data\parts/xilinx/spartan3/spartan3/xc3s1000/fg676/Package.xml
Loading io standards from C:/Xilinx/14.7/ISE_DS/PlanAhead/data\./parts/xilinx/spartan3/IOStandards.xml
INFO: [Device 21-19] Loading pkg sso from C:/Xilinx/14.7/ISE_DS/PlanAhead/data\parts/xilinx/spartan3/spartan3/xc3s1000/fg676/SSORules.xml
Loading list of drcs for the architecture : C:/Xilinx/14.7/ISE_DS/PlanAhead/data\./parts/xilinx/spartan3/drc.xml
INFO: [Timing 38-77] Reading timing library C:/Xilinx/14.7/ISE_DS/PlanAhead/data\parts/xilinx/spartan3/spartan3/spartan3-5.lib.
INFO: [Timing 38-34] Done reading timing library C:/Xilinx/14.7/ISE_DS/PlanAhead/data\parts/xilinx/spartan3/spartan3/spartan3-5.lib.
Parsing UCF File [C:/logic/mux_my/my_mux.ucf]
Finished Parsing UCF File [C:/logic/mux_my/my_mux.ucf]
INFO: [Project 1-111] Unisim Transformation Summary:
No Unisim elements were transformed.

Phase 0 | Netlist Checksum: 887bf113
update_compile_order -fileset sim_1
startgroup
set_property package_pin AE6 [get_ports {out[0]}]
endgroup
startgroup
set_property package_pin AF6 [get_ports {out[1]}]
endgroup
startgroup
set_property package_pin AC6 [get_ports {out[2]}]
endgroup
startgroup
set_property package_pin AD6 [get_ports {out[3]}]
endgroup
startgroup
set_property package_pin AC10 [get_ports {sel[0]}]
endgroup
startgroup
set_property package_pin AD10 [get_ports {sel[1]}]
endgroup
startgroup
set_property package_pin AA9 [get_ports enable]
endgroup
startgroup
set_property package_pin AC10 [get_ports {sel[0]}]
endgroup
startgroup
set_property package_pin Y16 [get_ports {b[0]}]
endgroup
startgroup
set_property package_pin AB15 [get_ports {b[1]}]
endgroup
startgroup
set_property package_pin AA15 [get_ports {b[2]}]
endgroup
startgroup
set_property package_pin AE15 [get_ports {b[3]}]
endgroup
startgroup
set_property package_pin AD15 [get_ports {a[0]}]
endgroup
startgroup
set_property package_pin AF13 [get_ports {a[1]}]
endgroup
startgroup
set_property package_pin AA13 [get_ports {a[2]}]
endgroup
startgroup
set_property package_pin W15 [get_ports {a[3]}]
endgroup
startgroup
set_property package_pin AB14 [get_ports {d[0]}]
endgroup
startgroup
set_property package_pin AF12 [get_ports {d[1]}]
endgroup
startgroup
set_property package_pin AE12 [get_ports {d[2]}]
endgroup
startgroup
set_property package_pin Y13 [get_ports {d[3]}]
endgroup
startgroup
set_property package_pin W13 [get_ports {c[0]}]
endgroup
startgroup
set_property package_pin W12 [get_ports {c[1]}]
endgroup
startgroup
set_property package_pin AC11 [get_ports {c[2]}]
endgroup
startgroup
set_property package_pin AD12 [get_ports {c[3]}]
endgroup
save_constraints
exit
ERROR: [Common 17-39] 'stop_gui' failed due to earlier errors.
INFO: [Common 17-206] Exiting PlanAhead at Mon Nov 18 15:58:32 2019...
INFO: [Common 17-83] Releasing license: PlanAhead
