
 line       object           ucode  source program

   1    (35  105    2)     main       proc 105 2 2
   2    (38    2    1)                sym 2 1 100
   3    (38    2  101)                sym 2 101 1
   4    (38    2  102)                sym 2 102 1
   5    (38    2  103)                sym 2 103 1
   6    (38    2  104)                sym 2 104 1
   7    (38    2  105)                sym 2 105 1
   8    (20    1     )                ldc 1
   9    (24    2  103)                str 2 103
  10    (23          )                ldp
  11    (21    2  101)                lda 2 101
  12    (29   -1     )                call read
  13    (34          )     $$1        nop
  14    (19    2  101)                lod 2 101
  15    (20    0     )                ldc 0
  16    (17          )                eq
  17    (27   31     )                tjp $$2
  18    (19    2  103)                lod 2 103
  19    (21    2    1)                lda 2 1
  20    ( 6          )                add
  21    (19    2  101)                lod 2 101
  22    (25          )                sti
  23    (23          )                ldp
  24    (19    2  103)                lod 2 103
  25    ( 2          )                inc
  26    (24    2  103)                str 2 103
  27    (23          )                ldp
  28    (21    2  101)                lda 2 101
  29    (29   -1     )                call read
  30    (26   13     )                ujp $$1
  31    (34          )     $$2        nop
  32    (19    2  103)                lod 2 103
  33    (20    1     )                ldc 1
  34    ( 7          )                sub
  35    ( 4          )                dup
  36    (24    2  102)                str 2 102
  37    (24    2  104)                str 2 104
  38    (34          )     $$3        nop
  39    (20    1     )                ldc 1
  40    (19    2  104)                lod 2 104
  41    (13          )                gt
  42    (27   95     )                tjp $$6
  43    (20    1     )                ldc 1
  44    (24    2  103)                str 2 103
  45    (34          )     $$4        nop
  46    (19    2  104)                lod 2 104
  47    (19    2  103)                lod 2 103
  48    (14          )                lt
  49    (27   90     )                tjp $$5
  50    (34          )     $$41       nop
  51    (19    2  103)                lod 2 103
  52    (21    2    1)                lda 2 1
  53    ( 6          )                add
  54    (22          )                ldi
  55    (19    2  103)                lod 2 103
  56    (20    1     )                ldc 1
  57    ( 6          )                add
  58    (21    2    1)                lda 2 1
  59    ( 6          )                add
  60    (22          )                ldi
  61    (13          )                gt
  62    (28   85     )                fjp $$42
  63    (19    2  103)                lod 2 103
  64    (21    2    1)                lda 2 1
  65    ( 6          )                add
  66    (22          )                ldi
  67    (24    2  105)                str 2 105
  68    (19    2  103)                lod 2 103
  69    (21    2    1)                lda 2 1
  70    ( 6          )                add
  71    (19    2  103)                lod 2 103
  72    (20    1     )                ldc 1
  73    ( 6          )                add
  74    (21    2    1)                lda 2 1
  75    ( 6          )                add
  76    (22          )                ldi
  77    (25          )                sti
  78    (19    2  103)                lod 2 103
  79    (20    1     )                ldc 1
  80    ( 6          )                add
  81    (21    2    1)                lda 2 1
  82    ( 6          )                add
  83    (19    2  105)                lod 2 105
  84    (25          )                sti
  85    (34          )     $$42       nop
  86    (19    2  103)                lod 2 103
  87    ( 2          )                inc
  88    (24    2  103)                str 2 103
  89    (26   45     )                ujp $$4
  90    (34          )     $$5        nop
  91    (19    2  104)                lod 2 104
  92    ( 3          )                dec
  93    (24    2  104)                str 2 104
  94    (26   38     )                ujp $$3
  95    (34          )     $$6        nop
  96    (20    1     )                ldc 1
  97    (24    2  103)                str 2 103
  98    (34          )     $$7        nop
  99    (19    2  102)                lod 2 102
 100    (19    2  103)                lod 2 103
 101    (14          )                lt
 102    (27  113     )                tjp $$8
 103    (19    2  103)                lod 2 103
 104    ( 2          )                inc
 105    (24    2  103)                str 2 103
 106    (23          )                ldp
 107    (19    2  103)                lod 2 103
 108    (21    2    1)                lda 2 1
 109    ( 6          )                add
 110    (22          )                ldi
 111    (29   -2     )                call write
 112    (26   98     )                ujp $$7
 113    (34          )     $$8        nop
 114    (31          )                retv
 115    (36          )                end
 116    (37    0     )                bgn 0
 117    (23          )                ldp
 118    (29    1     )                call main
 119    (36          )                end


   ****    Result    ****

 7 10 15 20 26 30 42 50 75 86


             ##### Statistics #####


    ****  Static Instruction Counts  ****

inc    =  3       dec    =  1       dup    =  1       add    =  11      
sub    =  1       gt     =  2       lt     =  2       eq     =  1       
lod    =  21      ldc    =  9       lda    =  10      ldi    =  5       
ldp    =  5       str    =  10      sti    =  3       ujp    =  4       
tjp    =  4       fjp    =  1       call   =  4       retv   =  1       
nop    =  10      proc   =  1       end    =  2       bgn    =  1       
sym    =  6       

    ****  Dynamic instruction counts  ****

inc    =  75        dec    =  10        dup    =  1         add    =  371       
sub    =  1         gt     =  66        lt     =  76        eq     =  11        
lod    =  555       ldc    =  152       lda    =  265       ldi    =  182       
ldp    =  32        str    =  130       sti    =  72        ujp    =  85        
tjp    =  98        fjp    =  55        call   =  22        retv   =  1         
nop    =  221       proc   =  1         end    =  1         bgn    =  1         
sym    =  6         

 Executable instruction count  =   2261

 Total execution cycle         =   18340
