#-----------------------------------------------------------
# PlanAhead v14.7
# Build 321239 by xbuild on Fri Sep 27 19:31:35 MDT 2013
# Start of session at: Mon Nov 25 15:47:21 2019
# Process ID: 5624
# Log file: D:/logic-20191125/bitupdowncount/planAhead_run_1/planAhead.log
# Journal file: D:/logic-20191125/bitupdowncount/planAhead_run_1/planAhead.jou
#-----------------------------------------------------------
INFO: [Common 17-78] Attempting to get a license: PlanAhead
INFO: [Common 17-290] Got license for PlanAhead
INFO: [Device 21-36] Loading parts and site information from C:/Xilinx/14.7/ISE_DS/PlanAhead/data/parts/arch.xml
Parsing RTL primitives file [C:/Xilinx/14.7/ISE_DS/PlanAhead/data/parts/xilinx/rtl/prims/rtl_prims.xml]
Finished parsing RTL primitives file [C:/Xilinx/14.7/ISE_DS/PlanAhead/data/parts/xilinx/rtl/prims/rtl_prims.xml]
start_gui
source D:/logic-20191125/bitupdowncount/pa.fromHdl.tcl
# create_project -name bitupdowncount -dir "D:/logic-20191125/bitupdowncount/planAhead_run_1" -part xc3s1000fg676-5
# set_param project.pinAheadLayout yes
# set srcset [get_property srcset [current_run -impl]]
# set_property target_constrs_file "bitudcounter.ucf" [current_fileset -constrset]
Adding file 'D:/logic-20191125/bitupdowncount/bitudcounter.ucf' to fileset 'constrs_1'
# set hdlfile [add_files [list {bitudcounter.v}]]
# set_property file_type Verilog $hdlfile
# set_property library work $hdlfile
# set_property top bitudcounter $srcset
# add_files [list {bitudcounter.ucf}] -fileset [get_property constrset [current_run]]
# open_rtl_design -part xc3s1000fg676-5
Using Verific elaboration
Parsing VHDL file "C:/Xilinx/14.7/ISE_DS/PlanAhead/data/parts/xilinx/rtl/lib/synplify/synattr.vhd" into library synplify
Analyzing Verilog file "D:/logic-20191125/bitupdowncount/bitudcounter.v" into library work
INFO: [Designutils 20-910] Reading macro library C:/Xilinx/14.7/ISE_DS/PlanAhead/data\./parts/xilinx/spartan3/hd_int_macros.edn
Parsing EDIF File [C:/Xilinx/14.7/ISE_DS/PlanAhead/data\./parts/xilinx/spartan3/hd_int_macros.edn]
Finished Parsing EDIF File [C:/Xilinx/14.7/ISE_DS/PlanAhead/data\./parts/xilinx/spartan3/hd_int_macros.edn]
Loading clock regions from C:/Xilinx/14.7/ISE_DS/PlanAhead/data\parts/xilinx/spartan3/spartan3/xc3s1000/ClockRegion.xml
Loading clock buffers from C:/Xilinx/14.7/ISE_DS/PlanAhead/data\parts/xilinx/spartan3/spartan3/xc3s1000/ClockBuffers.xml
Loading package from C:/Xilinx/14.7/ISE_DS/PlanAhead/data\parts/xilinx/spartan3/spartan3/xc3s1000/fg676/Package.xml
Loading io standards from C:/Xilinx/14.7/ISE_DS/PlanAhead/data\./parts/xilinx/spartan3/IOStandards.xml
INFO: [Device 21-19] Loading pkg sso from C:/Xilinx/14.7/ISE_DS/PlanAhead/data\parts/xilinx/spartan3/spartan3/xc3s1000/fg676/SSORules.xml
Loading list of drcs for the architecture : C:/Xilinx/14.7/ISE_DS/PlanAhead/data\./parts/xilinx/spartan3/drc.xml
INFO: [Timing 38-77] Reading timing library C:/Xilinx/14.7/ISE_DS/PlanAhead/data\parts/xilinx/spartan3/spartan3/spartan3-5.lib.
INFO: [Timing 38-34] Done reading timing library C:/Xilinx/14.7/ISE_DS/PlanAhead/data\parts/xilinx/spartan3/spartan3/spartan3-5.lib.
Parsing UCF File [D:/logic-20191125/bitupdowncount/bitudcounter.ucf]
Finished Parsing UCF File [D:/logic-20191125/bitupdowncount/bitudcounter.ucf]
INFO: [Project 1-111] Unisim Transformation Summary:
No Unisim elements were transformed.

Phase 0 | Netlist Checksum: 33b48fd5
open_rtl_design: Time (s): elapsed = 00:00:05 . Memory (MB): peak = 490.332 ; gain = 63.273
update_compile_order -fileset sim_1
startgroup
set_property package_pin A13 [get_ports clk]
endgroup
startgroup
set_property package_pin AD10 [get_ports rst]
endgroup
startgroup
set_property package_pin AC10 [get_ports mode]
endgroup
startgroup
set_property package_pin AE6 [get_ports {cnt[0]}]
endgroup
set_property package_pin "" [get_ports [list  {cnt[2]}]]
set_property package_pin "" [get_ports [list  {cnt[3]}]]
set_property package_pin "" [get_ports [list  {cnt[7]}]]
startgroup
set_property package_pin AF6 [get_ports {cnt[1]}]
endgroup
startgroup
set_property package_pin AC6 [get_ports {cnt[2]}]
endgroup
startgroup
set_property package_pin AD6 [get_ports {cnt[3]}]
endgroup
startgroup
set_property package_pin AC7 [get_ports {cnt[4]}]
endgroup
startgroup
set_property package_pin AF7 [get_ports {cnt[5]}]
endgroup
startgroup
set_property package_pin AA7 [get_ports {cnt[6]}]
endgroup
startgroup
set_property package_pin AB7 [get_ports {cnt[7]}]
endgroup
save_constraints
exit
ERROR: [PlanAhead 12-106] *** Exception: ui.h.b: Found deleted key in HTclEventBroker. Verify if the classes listed here call cleanup()
HTclEvent: SIGNAL_MODIFY   Classes: ui.views.aR 
HTclEvent: SIGNAL_BUS_MODIFY   Classes: ui.views.aR 
HTclEvent: DEBUG_CORE_CONFIG_CHANGE   Classes: ui.views.aR 
HTclEvent: DEBUG_PORT_CONFIG_CHANGE   Classes: ui.views.aR 
 (See D:/logic-20191125/bitupdowncount\planAhead_pid5624.debug)
ERROR: [Common 17-39] 'stop_gui' failed due to earlier errors.
INFO: [Common 17-206] Exiting PlanAhead at Mon Nov 25 15:48:56 2019...
INFO: [Common 17-83] Releasing license: PlanAhead
