
****** PlanAhead v14.7
  **** Build 321239 by xbuild on Fri Sep 27 19:31:35 MDT 2013
    ** Copyright 1986-1999, 2001-2013 Xilinx, Inc. All Rights Reserved.

INFO: [Common 17-78] Attempting to get a license: PlanAhead
INFO: [Common 17-290] Got license for PlanAhead
INFO: [Device 21-36] Loading parts and site information from C:/Xilinx/14.7/ISE_DS/PlanAhead/data/parts/arch.xml
Parsing RTL primitives file [C:/Xilinx/14.7/ISE_DS/PlanAhead/data/parts/xilinx/rtl/prims/rtl_prims.xml]
Finished parsing RTL primitives file [C:/Xilinx/14.7/ISE_DS/PlanAhead/data/parts/xilinx/rtl/prims/rtl_prims.xml]
start_gui
source D:/logic-20191125/bcdcounter/pa.fromHdl.tcl
# create_project -name bcdcounter -dir "D:/logic-20191125/bcdcounter/planAhead_run_1" -part xc3s1000fg676-5
# set_param project.pinAheadLayout yes
# set srcset [get_property srcset [current_run -impl]]
# set_property target_constrs_file "bcd_counter_seg.ucf" [current_fileset -constrset]
Adding file 'D:/logic-20191125/bcdcounter/bcd_counter_seg.ucf' to fileset 'constrs_1'
# set hdlfile [add_files [list {bcd_seg.v}]]
# set_property file_type Verilog $hdlfile
# set_property library work $hdlfile
# set hdlfile [add_files [list {bcd_count.v}]]
# set_property file_type Verilog $hdlfile
# set_property library work $hdlfile
# set hdlfile [add_files [list {bcd_counter_seg.v}]]
# set_property file_type Verilog $hdlfile
# set_property library work $hdlfile
# set_property top bcd_counter_seg $srcset
# add_files [list {bcd_counter_seg.ucf}] -fileset [get_property constrset [current_run]]
# open_rtl_design -part xc3s1000fg676-5
Using Verific elaboration
Parsing VHDL file "C:/Xilinx/14.7/ISE_DS/PlanAhead/data/parts/xilinx/rtl/lib/synplify/synattr.vhd" into library synplify
Analyzing Verilog file "D:/logic-20191125/bcdcounter/bcd_seg.v" into library work
Analyzing Verilog file "D:/logic-20191125/bcdcounter/bcd_count.v" into library work
Analyzing Verilog file "D:/logic-20191125/bcdcounter/bcd_counter_seg.v" into library work
INFO: [Designutils 20-910] Reading macro library C:/Xilinx/14.7/ISE_DS/PlanAhead/data\./parts/xilinx/spartan3/hd_int_macros.edn
Parsing EDIF File [C:/Xilinx/14.7/ISE_DS/PlanAhead/data\./parts/xilinx/spartan3/hd_int_macros.edn]
Finished Parsing EDIF File [C:/Xilinx/14.7/ISE_DS/PlanAhead/data\./parts/xilinx/spartan3/hd_int_macros.edn]
Loading clock regions from C:/Xilinx/14.7/ISE_DS/PlanAhead/data\parts/xilinx/spartan3/spartan3/xc3s1000/ClockRegion.xml
Loading clock buffers from C:/Xilinx/14.7/ISE_DS/PlanAhead/data\parts/xilinx/spartan3/spartan3/xc3s1000/ClockBuffers.xml
Loading package from C:/Xilinx/14.7/ISE_DS/PlanAhead/data\parts/xilinx/spartan3/spartan3/xc3s1000/fg676/Package.xml
Loading io standards from C:/Xilinx/14.7/ISE_DS/PlanAhead/data\./parts/xilinx/spartan3/IOStandards.xml
INFO: [Device 21-19] Loading pkg sso from C:/Xilinx/14.7/ISE_DS/PlanAhead/data\parts/xilinx/spartan3/spartan3/xc3s1000/fg676/SSORules.xml
Loading list of drcs for the architecture : C:/Xilinx/14.7/ISE_DS/PlanAhead/data\./parts/xilinx/spartan3/drc.xml
INFO: [Timing 38-77] Reading timing library C:/Xilinx/14.7/ISE_DS/PlanAhead/data\parts/xilinx/spartan3/spartan3/spartan3-5.lib.
INFO: [Timing 38-34] Done reading timing library C:/Xilinx/14.7/ISE_DS/PlanAhead/data\parts/xilinx/spartan3/spartan3/spartan3-5.lib.
Parsing UCF File [D:/logic-20191125/bcdcounter/bcd_counter_seg.ucf]
Finished Parsing UCF File [D:/logic-20191125/bcdcounter/bcd_counter_seg.ucf]
INFO: [Project 1-111] Unisim Transformation Summary:
No Unisim elements were transformed.

Phase 0 | Netlist Checksum: 538dcc7f
open_rtl_design: Time (s): elapsed = 00:00:07 . Memory (MB): peak = 493.352 ; gain = 58.637
update_compile_order -fileset sim_1
startgroup
set_property package_pin AD10 [get_ports rst]
endgroup
startgroup
set_property package_pin A13 [get_ports clk]
endgroup
startgroup
set_property package_pin AD2 [get_ports {seg_com[0]}]
endgroup
startgroup
set_property package_pin W2 [get_ports {seg_com[1]}]
endgroup
startgroup
set_property package_pin W1 [get_ports {seg_com[2]}]
endgroup
startgroup
set_property package_pin AB4 [get_ports {seg_com[3]}]
endgroup
startgroup
set_property package_pin AB3 [get_ports {seg_com[4]}]
endgroup
startgroup
set_property package_pin W6 [get_ports {seg_com[5]}]
endgroup
startgroup
set_property package_pin W5 [get_ports {seg_com[6]}]
endgroup
startgroup
set_property package_pin W4 [get_ports {seg_com[7]}]
endgroup
set_property package_pin "" [get_ports [list  {seg_data[1]}]]
startgroup
set_property package_pin AF5 [get_ports {seg_data[0]}]
endgroup
startgroup
set_property package_pin AE5 [get_ports {seg_data[1]}]
endgroup
startgroup
set_property package_pin AB6 [get_ports {seg_data[2]}]
endgroup
startgroup
set_property package_pin AA6 [get_ports {seg_data[3]}]
endgroup
startgroup
set_property package_pin K26 [get_ports {seg_data[4]}]
endgroup
startgroup
set_property package_pin K25 [get_ports {seg_data[5]}]
endgroup
startgroup
set_property package_pin AC2 [get_ports {seg_data[6]}]
endgroup
startgroup
set_property package_pin AC1 [get_ports {seg_data[7]}]
endgroup
save_constraints
exit
ERROR: [Common 17-39] 'stop_gui' failed due to earlier errors.
INFO: [Common 17-206] Exiting PlanAhead at Mon Nov 25 17:01:55 2019...
INFO: [Common 17-83] Releasing license: PlanAhead
